<?xml version="1.0" encoding="UTF-8"?>
<!-- Generated by org.testng.reporters.JUnitReportReporter -->
<testsuite hostname="Argano-9P32ZP3" failures="0" tests="1" name="Pages.LogInToADTest" time="23.881" errors="0" timestamp="2023-04-11T15:37:02 IST" skipped="0">
  <testcase classname="Pages.LogInToADTest" name="log" time="23.881"/>
  <system-out/>
</testsuite> <!-- Pages.LogInToADTest -->
