<?xml version="1.0" encoding="UTF-8"?>
<!-- Generated by org.testng.reporters.JUnitReportReporter -->
<testsuite hostname="Argano-9P32ZP3" failures="0" tests="1" name="Argano.AD.Sample" time="0.738" errors="0" timestamp="2023-03-04T22:17:48 IST" skipped="0">
  <testcase classname="Argano.AD.Sample" name="test1" time="0.738"/>
  <system-out/>
</testsuite> <!-- Argano.AD.Sample -->
