<?xml version="1.0" encoding="UTF-8"?>
<!-- Generated by org.testng.reporters.JUnitReportReporter -->
<testsuite hostname="Argano-9P32ZP3" failures="0" tests="1" name="Pages.WebCenterTest" time="23.454" errors="0" timestamp="2023-04-26T15:40:14 IST" skipped="0">
  <testcase classname="Pages.WebCenterTest" name="Login" time="23.454"/>
  <system-out/>
</testsuite> <!-- Pages.WebCenterTest -->
