<?xml version="1.0" encoding="UTF-8"?>
<!-- Generated by org.testng.reporters.JUnitReportReporter -->
<testsuite hostname="Argano-9P32ZP3" failures="0" tests="1" name="Pages.CPQ_functionalTest" time="542.749" errors="0" timestamp="2023-05-11T16:54:08 IST" skipped="0">
  <testcase classname="Pages.CPQ_functionalTest" name="LoginAndOpenExistingQuote" time="542.749"/>
  <system-out/>
</testsuite> <!-- Pages.CPQ_functionalTest -->
