<?xml version="1.0" encoding="UTF-8"?>
<!-- Generated by org.testng.reporters.JUnitReportReporter -->
<testsuite hostname="Argano-9P32ZP3" failures="0" tests="1" name="Pages.LogIn_Fail" time="31.218" errors="0" timestamp="2023-05-09T13:01:26 IST" skipped="0">
  <testcase classname="Pages.LogIn_Fail" name="LoginCreatNewQuote" time="31.218"/>
  <system-out/>
</testsuite> <!-- Pages.LogIn_Fail -->
