<?xml version="1.0" encoding="UTF-8"?>
<!-- Generated by org.testng.reporters.JUnitReportReporter -->
<testsuite hostname="Argano-9P32ZP3" failures="0" tests="2" name="Pages.PFL2" time="40.666" errors="0" timestamp="2023-04-09T20:52:39 IST" skipped="0">
  <testcase classname="Pages.PFL2" name="test1" time="40.527"/>
  <system-out/>
  <testcase classname="Pages.PFL2" name="test2" time="0.139"/>
  <system-out/>
</testsuite> <!-- Pages.PFL2 -->
