<?xml version="1.0" encoding="UTF-8"?>
<!-- Generated by org.testng.reporters.JUnitReportReporter -->
<testsuite hostname="Argano-9P32ZP3" failures="0" tests="1" name="Pages.PFL_CPQ_to_WEBCENTER" time="273.287" errors="0" timestamp="2023-05-19T14:35:39 IST" skipped="0">
  <testcase classname="Pages.PFL_CPQ_to_WEBCENTER" name="webcenterUploadWorkingFile" time="273.287"/>
  <system-out/>
</testsuite> <!-- Pages.PFL_CPQ_to_WEBCENTER -->
