<?xml version="1.0" encoding="UTF-8"?>
<!-- Generated by org.testng.reporters.JUnitReportReporter -->
<testsuite hostname="LTRSELVANAMBI-IDC" failures="0" tests="1" name="com.keste.testcases.AccToQuoteApproval" time="34.173" errors="0" timestamp="2022-09-16T01:49:42 IST" skipped="0">
  <testcase classname="com.keste.testcases.AccToQuoteApproval" name="AOPDeploymentModelQuote" time="34.173"/>
  <system-out/>
</testsuite> <!-- com.keste.testcases.AccToQuoteApproval -->
