<?xml version="1.0" encoding="UTF-8"?>
<!-- Generated by org.testng.reporters.JUnitReportReporter -->
<testsuite hostname="LTRSELVANAMBI-10" failures="0" tests="1" name="com.keste.testcases.ContactTest" time="72.554" errors="0" timestamp="2021-07-19T16:54:09 IST" skipped="0">
  <testcase classname="com.keste.testcases.ContactTest" name="contactCreationFromAccount" time="72.554"/>
  <system-out/>
</testsuite> <!-- com.keste.testcases.ContactTest -->
