<?xml version="1.0" encoding="UTF-8"?>
<!-- Generated by org.testng.reporters.JUnitReportReporter -->
<testsuite hostname="LTRSELVANAMBI-10" failures="0" tests="1" name="com.keste.testcases.Homepagetest" time="6.321" errors="0" timestamp="2021-05-25T19:54:20 IST" skipped="0">
  <testcase classname="com.keste.testcases.Homepagetest" name="home" time="6.321"/>
  <system-out/>
</testsuite> <!-- com.keste.testcases.Homepagetest -->
