<?xml version="1.0" encoding="UTF-8"?>
<!-- Generated by org.testng.reporters.JUnitReportReporter -->
<testsuite hostname="LTRSELVANAMBI-10" failures="0" tests="2" name="com.keste.testcases.CRMTestCases" time="178.484" errors="0" timestamp="2021-12-07T12:17:27 IST" skipped="1">
  <testcase classname="com.keste.testcases.CRMTestCases" name="leadToAccount" time="96.211">
    <skipped/>
  </testcase> <!-- leadToAccount -->
  <system-out/>
  <testcase classname="com.keste.testcases.CRMTestCases" name="accountCreation" time="82.273"/>
  <system-out/>
</testsuite> <!-- com.keste.testcases.CRMTestCases -->
