<?xml version="1.0" encoding="UTF-8"?>
<!-- Generated by org.testng.reporters.JUnitReportReporter -->
<testsuite hostname="LTRSELVANAMBI-10" failures="0" tests="1" name="com.keste.testcases.AccountTest" time="50.111" errors="0" timestamp="2021-12-06T17:09:29 IST" skipped="0">
  <testcase classname="com.keste.testcases.AccountTest" name="accountCreation" time="50.111"/>
  <system-out/>
</testsuite> <!-- com.keste.testcases.AccountTest -->
