<?xml version="1.0" encoding="UTF-8"?>
<!-- Generated by org.testng.reporters.JUnitReportReporter -->
<testsuite hostname="Argano-9P32ZP3" failures="0" tests="1" name="com.keste.testcases.sample" time="10.654" errors="0" timestamp="2023-05-15T11:51:41 IST" skipped="0">
  <testcase classname="com.keste.testcases.sample" name="runthetest" time="10.654"/>
  <system-out/>
</testsuite> <!-- com.keste.testcases.sample -->
